<?xml version="1.0" encoding="UTF-8"?>
<testsuite xmlns:xsi="http://www.w3.org/2001/XMLSchema-instance" xsi:noNamespaceSchemaLocation="https://maven.apache.org/surefire/maven-surefire-plugin/xsd/surefire-test-report-3.0.xsd" version="3.0" name="com.mycompany.camel.activemq.ActiveMQBlueprintTest" time="0.012" tests="0" errors="0" skipped="0" failures="0">
  <properties>
    <property name="sun.desktop" value="windows"/>
    <property name="awt.toolkit" value="sun.awt.windows.WToolkit"/>
    <property name="file.encoding.pkg" value="sun.io"/>
    <property name="java.specification.version" value="1.8"/>
    <property name="sun.cpu.isalist" value="amd64"/>
    <property name="sun.jnu.encoding" value="Cp1252"/>
    <property name="java.class.path" value="C:\Users\Administrador.BASE\workspace\MQ\target\test-classes;C:\Users\Administrador.BASE\workspace\MQ\target\classes;C:\Users\Administrador.BASE\.m2\repository\org\apache\camel\camel-core\2.17.3\camel-core-2.17.3.jar;C:\Users\Administrador.BASE\.m2\repository\org\slf4j\slf4j-api\1.7.7.redhat-2\slf4j-api-1.7.7.redhat-2.jar;C:\Users\Administrador.BASE\.m2\repository\com\sun\xml\bind\jaxb-core\2.2.11\jaxb-core-2.2.11.jar;C:\Users\Administrador.BASE\.m2\repository\com\sun\xml\bind\jaxb-impl\2.2.11.redhat-2\jaxb-impl-2.2.11.redhat-2.jar;C:\Users\Administrador.BASE\.m2\repository\org\apache\camel\camel-jms\2.17.3\camel-jms-2.17.3.jar;C:\Users\Administrador.BASE\.m2\repository\org\apache\camel\camel-spring\2.17.0.redhat-630187\camel-spring-2.17.0.redhat-630187.jar;C:\Users\Administrador.BASE\.m2\repository\org\springframework\spring-aop\3.2.16.RELEASE\spring-aop-3.2.16.RELEASE.jar;C:\Users\Administrador.BASE\.m2\repository\aopalliance\aopalliance\1.0\aopalliance-1.0.jar;C:\Users\Administrador.BASE\.m2\repository\org\springframework\spring-expression\3.2.16.RELEASE\spring-expression-3.2.16.RELEASE.jar;C:\Users\Administrador.BASE\.m2\repository\org\springframework\spring-jms\3.2.16.RELEASE\spring-jms-3.2.16.RELEASE.jar;C:\Users\Administrador.BASE\.m2\repository\org\springframework\spring-context\3.2.16.RELEASE\spring-context-3.2.16.RELEASE.jar;C:\Users\Administrador.BASE\.m2\repository\org\springframework\spring-tx\3.2.16.RELEASE\spring-tx-3.2.16.RELEASE.jar;C:\Users\Administrador.BASE\.m2\repository\org\springframework\spring-beans\3.2.16.RELEASE\spring-beans-3.2.16.RELEASE.jar;C:\Users\Administrador.BASE\.m2\repository\org\apache\camel\camel-blueprint\2.17.3\camel-blueprint-2.17.3.jar;C:\Users\Administrador.BASE\.m2\repository\org\apache\camel\camel-core-xml\2.17.0.redhat-630187\camel-core-xml-2.17.0.redhat-630187.jar;C:\Users\Administrador.BASE\.m2\repository\org\apache\camel\camel-core-osgi\2.17.0.redhat-630187\camel-core-osgi-2.17.0.redhat-630187.jar;C:\Users\Administrador.BASE\.m2\repository\org\apache\activemq\activemq-client\5.11.0.redhat-630187\activemq-client-5.11.0.redhat-630187.jar;C:\Users\Administrador.BASE\.m2\repository\org\apache\geronimo\specs\geronimo-jms_1.1_spec\1.1.1\geronimo-jms_1.1_spec-1.1.1.jar;C:\Users\Administrador.BASE\.m2\repository\org\fusesource\hawtbuf\hawtbuf\1.11.0.redhat-1\hawtbuf-1.11.0.redhat-1.jar;C:\Users\Administrador.BASE\.m2\repository\org\apache\geronimo\specs\geronimo-j2ee-management_1.1_spec\1.0.1\geronimo-j2ee-management_1.1_spec-1.0.1.jar;C:\Users\Administrador.BASE\.m2\repository\org\apache\activemq\activemq-camel\5.11.0\activemq-camel-5.11.0.jar;C:\Users\Administrador.BASE\.m2\repository\org\apache\activemq\activemq-spring\5.11.0.redhat-630187\activemq-spring-5.11.0.redhat-630187.jar;C:\Users\Administrador.BASE\.m2\repository\org\apache\xbean\xbean-spring\3.18\xbean-spring-3.18.jar;C:\Users\Administrador.BASE\.m2\repository\org\apache\activemq\activemq-pool\5.11.0.redhat-630187\activemq-pool-5.11.0.redhat-630187.jar;C:\Users\Administrador.BASE\.m2\repository\org\apache\activemq\activemq-jms-pool\5.11.0.redhat-630187\activemq-jms-pool-5.11.0.redhat-630187.jar;C:\Users\Administrador.BASE\.m2\repository\org\apache\geronimo\specs\geronimo-jta_1.0.1B_spec\1.0.1\geronimo-jta_1.0.1B_spec-1.0.1.jar;C:\Users\Administrador.BASE\.m2\repository\commons-pool\commons-pool\1.6.0.redhat-9\commons-pool-1.6.0.redhat-9.jar;C:\Users\Administrador.BASE\.m2\repository\org\apache\activemq\activemq-broker\5.11.0.redhat-630187\activemq-broker-5.11.0.redhat-630187.jar;C:\Users\Administrador.BASE\.m2\repository\org\apache\activemq\activemq-openwire-legacy\5.11.0.redhat-630187\activemq-openwire-legacy-5.11.0.redhat-630187.jar;C:\Users\Administrador.BASE\.m2\repository\org\apache\activemq\activemq-kahadb-store\5.11.0.redhat-630187\activemq-kahadb-store-5.11.0.redhat-630187.jar;C:\Users\Administrador.BASE\.m2\repository\org\apache\activemq\protobuf\activemq-protobuf\1.1\activemq-protobuf-1.1.jar;C:\Users\Administrador.BASE\.m2\repository\commons-net\commons-net\3.3.0.redhat-3\commons-net-3.3.0.redhat-3.jar;C:\Users\Administrador.BASE\.m2\repository\org\slf4j\slf4j-log4j12\1.7.7.redhat-2\slf4j-log4j12-1.7.7.redhat-2.jar;C:\Users\Administrador.BASE\.m2\repository\log4j\log4j\1.2.17.redhat-1\log4j-1.2.17.redhat-1.jar;C:\Users\Administrador.BASE\.m2\repository\org\apache\camel\camel-csv\2.17.3\camel-csv-2.17.3.jar;C:\Users\Administrador.BASE\.m2\repository\org\apache\commons\commons-csv\1.1\commons-csv-1.1.jar;C:\Users\Administrador.BASE\.m2\repository\org\apache\camel\camel-cxf\2.12.0\camel-cxf-2.12.0.jar;C:\Users\Administrador.BASE\.m2\repository\org\apache\camel\camel-cxf-transport\2.17.0.redhat-630187\camel-cxf-transport-2.17.0.redhat-630187.jar;C:\Users\Administrador.BASE\.m2\repository\javax\servlet\javax.servlet-api\3.1.0.redhat-1\javax.servlet-api-3.1.0.redhat-1.jar;C:\Users\Administrador.BASE\.m2\repository\org\apache\cxf\cxf-rt-frontend-jaxrs\3.1.5.redhat-630187\cxf-rt-frontend-jaxrs-3.1.5.redhat-630187.jar;C:\Users\Administrador.BASE\.m2\repository\org\apache\cxf\cxf-core\3.1.5.redhat-630187\cxf-core-3.1.5.redhat-630187.jar;C:\Users\Administrador.BASE\.m2\repository\org\codehaus\woodstox\woodstox-core-asl\4.4.1\woodstox-core-asl-4.4.1.jar;C:\Users\Administrador.BASE\.m2\repository\org\codehaus\woodstox\stax2-api\3.1.4\stax2-api-3.1.4.jar;C:\Users\Administrador.BASE\.m2\repository\org\apache\ws\xmlschema\xmlschema-core\2.2.1.redhat-1\xmlschema-core-2.2.1.redhat-1.jar;C:\Users\Administrador.BASE\.m2\repository\javax\ws\rs\javax.ws.rs-api\2.0.1\javax.ws.rs-api-2.0.1.jar;C:\Users\Administrador.BASE\.m2\repository\javax\annotation\javax.annotation-api\1.2\javax.annotation-api-1.2.jar;C:\Users\Administrador.BASE\.m2\repository\org\apache\cxf\cxf-rt-transports-http\3.1.5.redhat-630187\cxf-rt-transports-http-3.1.5.redhat-630187.jar;C:\Users\Administrador.BASE\.m2\repository\org\apache\cxf\cxf-rt-frontend-jaxws\3.1.5.redhat-630187\cxf-rt-frontend-jaxws-3.1.5.redhat-630187.jar;C:\Users\Administrador.BASE\.m2\repository\xml-resolver\xml-resolver\1.2.0.redhat-10\xml-resolver-1.2.0.redhat-10.jar;C:\Users\Administrador.BASE\.m2\repository\org\ow2\asm\asm\5.0.4\asm-5.0.4.jar;C:\Users\Administrador.BASE\.m2\repository\org\apache\cxf\cxf-rt-bindings-xml\3.1.5.redhat-630187\cxf-rt-bindings-xml-3.1.5.redhat-630187.jar;C:\Users\Administrador.BASE\.m2\repository\org\apache\cxf\cxf-rt-frontend-simple\3.1.5.redhat-630187\cxf-rt-frontend-simple-3.1.5.redhat-630187.jar;C:\Users\Administrador.BASE\.m2\repository\org\apache\cxf\cxf-rt-ws-addr\3.1.5.redhat-630187\cxf-rt-ws-addr-3.1.5.redhat-630187.jar;C:\Users\Administrador.BASE\.m2\repository\org\apache\cxf\cxf-rt-ws-policy\3.1.5.redhat-630187\cxf-rt-ws-policy-3.1.5.redhat-630187.jar;C:\Users\Administrador.BASE\.m2\repository\org\apache\neethi\neethi\3.0.3.redhat-1\neethi-3.0.3.redhat-1.jar;C:\Users\Administrador.BASE\.m2\repository\org\springframework\spring-core\3.2.16.RELEASE\spring-core-3.2.16.RELEASE.jar;C:\Users\Administrador.BASE\.m2\repository\commons-logging\commons-logging\1.2\commons-logging-1.2.jar;C:\Users\Administrador.BASE\.m2\repository\org\apache\cxf\cxf-rt-features-clustering\3.1.5.redhat-630187\cxf-rt-features-clustering-3.1.5.redhat-630187.jar;C:\Users\Administrador.BASE\.m2\repository\org\apache\cxf\cxf-rt-bindings-soap\3.1.5.redhat-630187\cxf-rt-bindings-soap-3.1.5.redhat-630187.jar;C:\Users\Administrador.BASE\.m2\repository\org\apache\cxf\cxf-rt-wsdl\3.1.5.redhat-630187\cxf-rt-wsdl-3.1.5.redhat-630187.jar;C:\Users\Administrador.BASE\.m2\repository\wsdl4j\wsdl4j\1.6.3.redhat-1\wsdl4j-1.6.3.redhat-1.jar;C:\Users\Administrador.BASE\.m2\repository\org\apache\cxf\cxf-rt-databinding-jaxb\3.1.5.redhat-630187\cxf-rt-databinding-jaxb-3.1.5.redhat-630187.jar;C:\Users\Administrador.BASE\.m2\repository\org\ow2\asm\asm-commons\5.0.3\asm-commons-5.0.3.jar;C:\Users\Administrador.BASE\.m2\repository\org\ow2\asm\asm-tree\5.0.3\asm-tree-5.0.3.jar;"/>
    <property name="java.vm.vendor" value="Oracle Corporation"/>
    <property name="sun.arch.data.model" value="64"/>
    <property name="user.variant" value=""/>
    <property name="java.vendor.url" value="http://java.oracle.com/"/>
    <property name="user.timezone" value="America/Bogota"/>
    <property name="java.vm.specification.version" value="1.8"/>
    <property name="os.name" value="Windows Server 2016"/>
    <property name="user.country" value="CO"/>
    <property name="sun.java.launcher" value="SUN_STANDARD"/>
    <property name="sun.boot.library.path" value="C:\Program Files\Java\jdk1.8.0_201\jre\bin"/>
    <property name="sun.java.command" value="C:\Users\Administrador.BASE\AppData\Local\Temp\2\surefire2983265768127210860\surefirebooter1199199752279488504.jar C:\Users\Administrador.BASE\AppData\Local\Temp\2\surefire2983265768127210860 2019-10-05T20-59-28_925-jvmRun1 surefire6081939135602923766tmp surefire_073665388880790416tmp"/>
    <property name="surefire.test.class.path" value="C:\Users\Administrador.BASE\workspace\MQ\target\test-classes;C:\Users\Administrador.BASE\workspace\MQ\target\classes;C:\Users\Administrador.BASE\.m2\repository\org\apache\camel\camel-core\2.17.3\camel-core-2.17.3.jar;C:\Users\Administrador.BASE\.m2\repository\org\slf4j\slf4j-api\1.7.7.redhat-2\slf4j-api-1.7.7.redhat-2.jar;C:\Users\Administrador.BASE\.m2\repository\com\sun\xml\bind\jaxb-core\2.2.11\jaxb-core-2.2.11.jar;C:\Users\Administrador.BASE\.m2\repository\com\sun\xml\bind\jaxb-impl\2.2.11.redhat-2\jaxb-impl-2.2.11.redhat-2.jar;C:\Users\Administrador.BASE\.m2\repository\org\apache\camel\camel-jms\2.17.3\camel-jms-2.17.3.jar;C:\Users\Administrador.BASE\.m2\repository\org\apache\camel\camel-spring\2.17.0.redhat-630187\camel-spring-2.17.0.redhat-630187.jar;C:\Users\Administrador.BASE\.m2\repository\org\springframework\spring-aop\3.2.16.RELEASE\spring-aop-3.2.16.RELEASE.jar;C:\Users\Administrador.BASE\.m2\repository\aopalliance\aopalliance\1.0\aopalliance-1.0.jar;C:\Users\Administrador.BASE\.m2\repository\org\springframework\spring-expression\3.2.16.RELEASE\spring-expression-3.2.16.RELEASE.jar;C:\Users\Administrador.BASE\.m2\repository\org\springframework\spring-jms\3.2.16.RELEASE\spring-jms-3.2.16.RELEASE.jar;C:\Users\Administrador.BASE\.m2\repository\org\springframework\spring-context\3.2.16.RELEASE\spring-context-3.2.16.RELEASE.jar;C:\Users\Administrador.BASE\.m2\repository\org\springframework\spring-tx\3.2.16.RELEASE\spring-tx-3.2.16.RELEASE.jar;C:\Users\Administrador.BASE\.m2\repository\org\springframework\spring-beans\3.2.16.RELEASE\spring-beans-3.2.16.RELEASE.jar;C:\Users\Administrador.BASE\.m2\repository\org\apache\camel\camel-blueprint\2.17.3\camel-blueprint-2.17.3.jar;C:\Users\Administrador.BASE\.m2\repository\org\apache\camel\camel-core-xml\2.17.0.redhat-630187\camel-core-xml-2.17.0.redhat-630187.jar;C:\Users\Administrador.BASE\.m2\repository\org\apache\camel\camel-core-osgi\2.17.0.redhat-630187\camel-core-osgi-2.17.0.redhat-630187.jar;C:\Users\Administrador.BASE\.m2\repository\org\apache\activemq\activemq-client\5.11.0.redhat-630187\activemq-client-5.11.0.redhat-630187.jar;C:\Users\Administrador.BASE\.m2\repository\org\apache\geronimo\specs\geronimo-jms_1.1_spec\1.1.1\geronimo-jms_1.1_spec-1.1.1.jar;C:\Users\Administrador.BASE\.m2\repository\org\fusesource\hawtbuf\hawtbuf\1.11.0.redhat-1\hawtbuf-1.11.0.redhat-1.jar;C:\Users\Administrador.BASE\.m2\repository\org\apache\geronimo\specs\geronimo-j2ee-management_1.1_spec\1.0.1\geronimo-j2ee-management_1.1_spec-1.0.1.jar;C:\Users\Administrador.BASE\.m2\repository\org\apache\activemq\activemq-camel\5.11.0\activemq-camel-5.11.0.jar;C:\Users\Administrador.BASE\.m2\repository\org\apache\activemq\activemq-spring\5.11.0.redhat-630187\activemq-spring-5.11.0.redhat-630187.jar;C:\Users\Administrador.BASE\.m2\repository\org\apache\xbean\xbean-spring\3.18\xbean-spring-3.18.jar;C:\Users\Administrador.BASE\.m2\repository\org\apache\activemq\activemq-pool\5.11.0.redhat-630187\activemq-pool-5.11.0.redhat-630187.jar;C:\Users\Administrador.BASE\.m2\repository\org\apache\activemq\activemq-jms-pool\5.11.0.redhat-630187\activemq-jms-pool-5.11.0.redhat-630187.jar;C:\Users\Administrador.BASE\.m2\repository\org\apache\geronimo\specs\geronimo-jta_1.0.1B_spec\1.0.1\geronimo-jta_1.0.1B_spec-1.0.1.jar;C:\Users\Administrador.BASE\.m2\repository\commons-pool\commons-pool\1.6.0.redhat-9\commons-pool-1.6.0.redhat-9.jar;C:\Users\Administrador.BASE\.m2\repository\org\apache\activemq\activemq-broker\5.11.0.redhat-630187\activemq-broker-5.11.0.redhat-630187.jar;C:\Users\Administrador.BASE\.m2\repository\org\apache\activemq\activemq-openwire-legacy\5.11.0.redhat-630187\activemq-openwire-legacy-5.11.0.redhat-630187.jar;C:\Users\Administrador.BASE\.m2\repository\org\apache\activemq\activemq-kahadb-store\5.11.0.redhat-630187\activemq-kahadb-store-5.11.0.redhat-630187.jar;C:\Users\Administrador.BASE\.m2\repository\org\apache\activemq\protobuf\activemq-protobuf\1.1\activemq-protobuf-1.1.jar;C:\Users\Administrador.BASE\.m2\repository\commons-net\commons-net\3.3.0.redhat-3\commons-net-3.3.0.redhat-3.jar;C:\Users\Administrador.BASE\.m2\repository\org\slf4j\slf4j-log4j12\1.7.7.redhat-2\slf4j-log4j12-1.7.7.redhat-2.jar;C:\Users\Administrador.BASE\.m2\repository\log4j\log4j\1.2.17.redhat-1\log4j-1.2.17.redhat-1.jar;C:\Users\Administrador.BASE\.m2\repository\org\apache\camel\camel-csv\2.17.3\camel-csv-2.17.3.jar;C:\Users\Administrador.BASE\.m2\repository\org\apache\commons\commons-csv\1.1\commons-csv-1.1.jar;C:\Users\Administrador.BASE\.m2\repository\org\apache\camel\camel-cxf\2.12.0\camel-cxf-2.12.0.jar;C:\Users\Administrador.BASE\.m2\repository\org\apache\camel\camel-cxf-transport\2.17.0.redhat-630187\camel-cxf-transport-2.17.0.redhat-630187.jar;C:\Users\Administrador.BASE\.m2\repository\javax\servlet\javax.servlet-api\3.1.0.redhat-1\javax.servlet-api-3.1.0.redhat-1.jar;C:\Users\Administrador.BASE\.m2\repository\org\apache\cxf\cxf-rt-frontend-jaxrs\3.1.5.redhat-630187\cxf-rt-frontend-jaxrs-3.1.5.redhat-630187.jar;C:\Users\Administrador.BASE\.m2\repository\org\apache\cxf\cxf-core\3.1.5.redhat-630187\cxf-core-3.1.5.redhat-630187.jar;C:\Users\Administrador.BASE\.m2\repository\org\codehaus\woodstox\woodstox-core-asl\4.4.1\woodstox-core-asl-4.4.1.jar;C:\Users\Administrador.BASE\.m2\repository\org\codehaus\woodstox\stax2-api\3.1.4\stax2-api-3.1.4.jar;C:\Users\Administrador.BASE\.m2\repository\org\apache\ws\xmlschema\xmlschema-core\2.2.1.redhat-1\xmlschema-core-2.2.1.redhat-1.jar;C:\Users\Administrador.BASE\.m2\repository\javax\ws\rs\javax.ws.rs-api\2.0.1\javax.ws.rs-api-2.0.1.jar;C:\Users\Administrador.BASE\.m2\repository\javax\annotation\javax.annotation-api\1.2\javax.annotation-api-1.2.jar;C:\Users\Administrador.BASE\.m2\repository\org\apache\cxf\cxf-rt-transports-http\3.1.5.redhat-630187\cxf-rt-transports-http-3.1.5.redhat-630187.jar;C:\Users\Administrador.BASE\.m2\repository\org\apache\cxf\cxf-rt-frontend-jaxws\3.1.5.redhat-630187\cxf-rt-frontend-jaxws-3.1.5.redhat-630187.jar;C:\Users\Administrador.BASE\.m2\repository\xml-resolver\xml-resolver\1.2.0.redhat-10\xml-resolver-1.2.0.redhat-10.jar;C:\Users\Administrador.BASE\.m2\repository\org\ow2\asm\asm\5.0.4\asm-5.0.4.jar;C:\Users\Administrador.BASE\.m2\repository\org\apache\cxf\cxf-rt-bindings-xml\3.1.5.redhat-630187\cxf-rt-bindings-xml-3.1.5.redhat-630187.jar;C:\Users\Administrador.BASE\.m2\repository\org\apache\cxf\cxf-rt-frontend-simple\3.1.5.redhat-630187\cxf-rt-frontend-simple-3.1.5.redhat-630187.jar;C:\Users\Administrador.BASE\.m2\repository\org\apache\cxf\cxf-rt-ws-addr\3.1.5.redhat-630187\cxf-rt-ws-addr-3.1.5.redhat-630187.jar;C:\Users\Administrador.BASE\.m2\repository\org\apache\cxf\cxf-rt-ws-policy\3.1.5.redhat-630187\cxf-rt-ws-policy-3.1.5.redhat-630187.jar;C:\Users\Administrador.BASE\.m2\repository\org\apache\neethi\neethi\3.0.3.redhat-1\neethi-3.0.3.redhat-1.jar;C:\Users\Administrador.BASE\.m2\repository\org\springframework\spring-core\3.2.16.RELEASE\spring-core-3.2.16.RELEASE.jar;C:\Users\Administrador.BASE\.m2\repository\commons-logging\commons-logging\1.2\commons-logging-1.2.jar;C:\Users\Administrador.BASE\.m2\repository\org\apache\cxf\cxf-rt-features-clustering\3.1.5.redhat-630187\cxf-rt-features-clustering-3.1.5.redhat-630187.jar;C:\Users\Administrador.BASE\.m2\repository\org\apache\cxf\cxf-rt-bindings-soap\3.1.5.redhat-630187\cxf-rt-bindings-soap-3.1.5.redhat-630187.jar;C:\Users\Administrador.BASE\.m2\repository\org\apache\cxf\cxf-rt-wsdl\3.1.5.redhat-630187\cxf-rt-wsdl-3.1.5.redhat-630187.jar;C:\Users\Administrador.BASE\.m2\repository\wsdl4j\wsdl4j\1.6.3.redhat-1\wsdl4j-1.6.3.redhat-1.jar;C:\Users\Administrador.BASE\.m2\repository\org\apache\cxf\cxf-rt-databinding-jaxb\3.1.5.redhat-630187\cxf-rt-databinding-jaxb-3.1.5.redhat-630187.jar;C:\Users\Administrador.BASE\.m2\repository\org\ow2\asm\asm-commons\5.0.3\asm-commons-5.0.3.jar;C:\Users\Administrador.BASE\.m2\repository\org\ow2\asm\asm-tree\5.0.3\asm-tree-5.0.3.jar;"/>
    <property name="sun.cpu.endian" value="little"/>
    <property name="user.home" value="C:\Users\Administrador.BASE"/>
    <property name="user.language" value="es"/>
    <property name="java.specification.vendor" value="Oracle Corporation"/>
    <property name="java.home" value="C:\Program Files\Java\jdk1.8.0_201\jre"/>
    <property name="basedir" value="C:\Users\Administrador.BASE\workspace\MQ"/>
    <property name="file.separator" value="\"/>
    <property name="line.separator" value="&#10;"/>
    <property name="java.vm.specification.vendor" value="Oracle Corporation"/>
    <property name="java.specification.name" value="Java Platform API Specification"/>
    <property name="java.awt.graphicsenv" value="sun.awt.Win32GraphicsEnvironment"/>
    <property name="surefire.real.class.path" value="C:\Users\Administrador.BASE\AppData\Local\Temp\2\surefire2983265768127210860\surefirebooter1199199752279488504.jar"/>
    <property name="sun.boot.class.path" value="C:\Program Files\Java\jdk1.8.0_201\jre\lib\resources.jar;C:\Program Files\Java\jdk1.8.0_201\jre\lib\rt.jar;C:\Program Files\Java\jdk1.8.0_201\jre\lib\sunrsasign.jar;C:\Program Files\Java\jdk1.8.0_201\jre\lib\jsse.jar;C:\Program Files\Java\jdk1.8.0_201\jre\lib\jce.jar;C:\Program Files\Java\jdk1.8.0_201\jre\lib\charsets.jar;C:\Program Files\Java\jdk1.8.0_201\jre\lib\jfr.jar;C:\Program Files\Java\jdk1.8.0_201\jre\classes"/>
    <property name="user.script" value=""/>
    <property name="sun.management.compiler" value="HotSpot 64-Bit Tiered Compilers"/>
    <property name="java.runtime.version" value="1.8.0_201-b09"/>
    <property name="user.name" value="Administrador"/>
    <property name="path.separator" value=";"/>
    <property name="os.version" value="10.0"/>
    <property name="java.endorsed.dirs" value="C:\Program Files\Java\jdk1.8.0_201\jre\lib\endorsed"/>
    <property name="java.runtime.name" value="Java(TM) SE Runtime Environment"/>
    <property name="file.encoding" value="Cp1252"/>
    <property name="java.vm.name" value="Java HotSpot(TM) 64-Bit Server VM"/>
    <property name="localRepository" value="C:\Users\Administrador.BASE\.m2\repository"/>
    <property name="java.vendor.url.bug" value="http://bugreport.sun.com/bugreport/"/>
    <property name="java.io.tmpdir" value="C:\Users\ADMINI~1.BAS\AppData\Local\Temp\2\"/>
    <property name="java.version" value="1.8.0_201"/>
    <property name="user.dir" value="C:\Users\Administrador.BASE\workspace\MQ"/>
    <property name="os.arch" value="amd64"/>
    <property name="java.vm.specification.name" value="Java Virtual Machine Specification"/>
    <property name="java.awt.printerjob" value="sun.awt.windows.WPrinterJob"/>
    <property name="sun.os.patch.level" value=""/>
    <property name="java.library.path" value="C:\Program Files\Java\jdk1.8.0_201\jre\bin;C:\Windows\Sun\Java\bin;C:\Windows\system32;C:\Windows;C:\Program Files (x86)\Common Files\Oracle\Java\javapath;C:\Windows\system32;C:\Windows;C:\Windows\System32\Wbem;C:\Windows\System32\WindowsPowerShell\v1.0\;C:\Program Files\Java\jdk1.8.0_201\bin;c:\Program Files (x86)\Microsoft SQL Server\110\Tools\Binn\;c:\Program Files\Microsoft SQL Server\110\Tools\Binn\;c:\Program Files\Microsoft SQL Server\110\DTS\Binn\;c:\Program Files (x86)\Microsoft SQL Server\110\Tools\Binn\ManagementStudio\;c:\Program Files (x86)\Microsoft SQL Server\110\DTS\Binn\;C:\Program Files\nodejs\;C:\Program Files\Microsoft VS Code\bin;C:\Users\Administrador.BASE\AppData\Local\Microsoft\WindowsApps;C:\Users\Administrador.BASE\AppData\Roaming\npm;."/>
    <property name="java.vm.info" value="mixed mode"/>
    <property name="java.vendor" value="Oracle Corporation"/>
    <property name="java.vm.version" value="25.201-b09"/>
    <property name="java.ext.dirs" value="C:\Program Files\Java\jdk1.8.0_201\jre\lib\ext;C:\Windows\Sun\Java\lib\ext"/>
    <property name="sun.io.unicode.encoding" value="UnicodeLittle"/>
    <property name="java.class.version" value="52.0"/>
  </properties>
</testsuite>